#
# A fatal error has been detected by the Java Runtime Environment:
#
#  EXCEPTION_ACCESS_VIOLATION (0xc0000005) at pc=0x6d43a1ac, pid=7276, tid=5840
#
# JRE version: 6.0_29-b11
# Java VM: Java HotSpot(TM) Client VM (20.4-b02 mixed mode windows-x86 )
# Problematic frame:
# C  [jdwp.dll+0x1a1ac]
#
# If you would like to submit a bug report, please visit:
#   http://java.sun.com/webapps/bugreport/crash.jsp
# The crash happened outside the Java Virtual Machine in native code.
# See problematic frame for where to report the bug.
#

---------------  T H R E A D  ---------------

Current thread (0x023e3800):  JavaThread "JDWP Command Reader" daemon [_thread_in_native, id=5840, stack(0x18a90000,0x18ae0000)]

siginfo: ExceptionCode=0xc0000005, reading address 0x00000000

Registers:
EAX=0x00000028, EBX=0x6d2b33e4, ECX=0x00000000, EDX=0xf0efff6b
ESP=0x18adfc70, EBP=0x18adfc74, ESI=0x6d2b30fc, EDI=0x0000000c
EIP=0x6d43a1ac, EFLAGS=0x00010206

Top of Stack: (sp=0x18adfc70)
0x18adfc70:   6d2b30fc 18adfd94 6d2b1074 00000028
0x18adfc80:   18adfc94 6d2b33e4 6d2b30fc 18adfdd4
0x18adfc90:   000000ca 65746e49 70757272 20646574
0x18adfca0:   636e7566 6e6f6974 6c616320 71f1006c
0x18adfcb0:   98534de5 18adfdd4 18915108 00000000
0x18adfcc0:   18adfd4c 00000001 00000000 00000020
0x18adfcd0:   00000002 00000000 c0000120 00000000
0x18adfce0:   00000000 00000274 00300710 00000000 

Instructions: (pc=0x6d43a1ac)
0x6d43a18c:   1b c0 f7 d0 23 45 fc 5f 5e c9 c3 55 8b ec 8b 45
0x6d43a19c:   08 85 c0 75 02 5d c3 8b 0d c4 47 44 6d 8b 09 56
0x6d43a1ac:   8b 31 57 8d 55 08 52 99 52 50 51 ff 96 b4 00 00
0x6d43a1bc:   00 8b f8 85 ff 74 40 68 f3 06 00 00 68 f8 2e 44 


Register to memory mapping:

EAX=0x00000028 is an unknown value
EBX=0x6d2b33e4 is an unknown value
ECX=0x00000000 is an unknown value
EDX=0xf0efff6b is an unknown value
ESP=0x18adfc70 is pointing into the stack for thread: 0x023e3800
EBP=0x18adfc74 is pointing into the stack for thread: 0x023e3800
ESI=0x6d2b30fc is an unknown value
EDI=0x0000000c is an unknown value


Stack: [0x18a90000,0x18ae0000],  sp=0x18adfc70,  free space=319k
Native frames: (J=compiled Java code, j=interpreted, Vv=VM code, C=native code)
