#
# A fatal error has been detected by the Java Runtime Environment:
#
#  EXCEPTION_ACCESS_VIOLATION (0xc0000005) at pc=0x6d439055, pid=7852, tid=1180
#
# JRE version: 6.0_29-b11
# Java VM: Java HotSpot(TM) Client VM (20.4-b02 mixed mode windows-x86 )
# Problematic frame:
# C  [jdwp.dll+0x19055]
#
# If you would like to submit a bug report, please visit:
#   http://java.sun.com/webapps/bugreport/crash.jsp
# The crash happened outside the Java Virtual Machine in native code.
# See problematic frame for where to report the bug.
#

---------------  T H R E A D  ---------------

Current thread (0x024a2800):  JavaThread "JDWP Event Helper Thread" daemon [_thread_in_native, id=1180, stack(0x18a70000,0x18ac0000)]

siginfo: ExceptionCode=0xc0000005, reading address 0x00000000

Registers:
EAX=0x00000000, EBX=0x00000000, ECX=0x73bf2dd9, EDX=0x00000000
ESP=0x18abfe40, EBP=0x18abfea4, ESI=0x198aa070, EDI=0x00000000
EIP=0x6d439055, EFLAGS=0x00010246

Top of Stack: (sp=0x18abfe40)
0x18abfe40:   0249b408 198aa070 6d430425 0249b408
0x18abfe50:   00000000 198aa070 00000000 6d4313d5
0x18abfe60:   024a2800 00000000 6d9710b7 023e1ee8
0x18abfe70:   024a2928 00000000 024a2800 6d9b8f14
0x18abfe80:   024a2800 024a2800 024a2800 024a2800
0x18abfe90:   0249eeb0 024a3030 024a3038 024a3424
0x18abfea0:   0249eed0 18abff54 6d9e0fec 00000000
0x18abfeb0:   002d0000 024944b0 00000000 00000000 

Instructions: (pc=0x6d439055)
0x6d439035:   44 6d e8 21 a0 ff ff 83 c4 10 33 c0 c3 56 eb 05
0x6d439045:   e8 a1 ff ff ff a1 c4 47 44 6d 8b 00 ff 74 24 08
0x6d439055:   8b 08 50 ff 91 80 00 00 00 e8 a8 ff ff ff 8b f0
0x6d439065:   83 fe 34 74 db 85 f6 74 42 57 68 0a 04 00 00 68 


Register to memory mapping:

EAX=0x00000000 is an unknown value
EBX=0x00000000 is an unknown value
ECX=0x73bf2dd9 is an unknown value
EDX=0x00000000 is an unknown value
ESP=0x18abfe40 is pointing into the stack for thread: 0x024a2800
EBP=0x18abfea4 is pointing into the stack for thread: 0x024a2800
ESI=0x198aa070 is an unknown value
EDI=0x00000000 is an unknown value


Stack: [0x18a70000,0x18ac0000],  sp=0x18abfe40,  free space=319k
Native frames: (J=compiled Java code, j=interpreted, Vv=VM code, C=native code)
C  [jdwp.dll+0x19055]  Agent_OnLoad+0xdfca
V  [jvm.dll+0x140fec]
C  [msvcr71.dll+0x9565]  endthreadex+0xa0
C  [kernel32.dll+0x13677]  BaseThreadInitThunk+0x12
C  [ntdll.dll+0x39f42]  RtlInitializeExceptionChain+0x63
C  [ntdll.dll+0x39f15]  RtlInitializeExceptionChain+0x36


---------------  P R O C E S S  ---------------

Java Threads: ( => current thread )
  0x19919c00 JavaThread "Thread-0" [_thread_blocked, id=6612, stack(0x1a050000,0x1a0a0000)]
  0x1990c400 JavaThread "resolver-5" daemon [_thread_blocked, id=2404, stack(0x19ec0000,0x19f10000)]
  0x1990b800 JavaThread "resolver-4" daemon [_thread_blocked, id=6248, stack(0x19e30000,0x19e80000)]
  0x1990b000 JavaThread "resolver-3" daemon [_thread_blocked, id=8136, stack(0x19da0000,0x19df0000)]
  0x1990ac00 JavaThread "resolver-2" daemon [_thread_blocked, id=5080, stack(0x19d10000,0x19d60000)]
  0x19957c00 JavaThread "resolver-1" daemon [_thread_blocked, id=3056, stack(0x19c80000,0x19cd0000)]
  0x024b6000 JavaThread "Low Memory Detector" daemon [_thread_blocked, id=6436, stack(0x18c90000,0x18ce0000)]
  0x024b3000 JavaThread "C1 CompilerThread0" daemon [_thread_blocked, id=7988, stack(0x18c00000,0x18c50000)]
  0x024a8400 JavaThread "JDWP Command Reader" daemon [_thread_blocked, id=4260, stack(0x18b50000,0x18ba0000)]
=>0x024a2800 JavaThread "JDWP Event Helper Thread" daemon [_thread_in_native, id=1180, stack(0x18a70000,0x18ac0000)]
  0x024a1000 JavaThread "JDWP Transport Listener: dt_socket" daemon [_thread_blocked, id=4804, stack(0x18990000,0x189e0000)]
  0x02496400 JavaThread "Attach Listener" daemon [_thread_blocked, id=7116, stack(0x187b0000,0x18800000)]
  0x0248f400 JavaThread "Signal Dispatcher" daemon [_thread_blocked, id=5524, stack(0x18720000,0x18770000)]
  0x0245e000 JavaThread "Finalizer" daemon [_thread_blocked, id=4144, stack(0x18690000,0x186e0000)]
  0x0245c800 JavaThread "Reference Handler" daemon [_thread_blocked, id=6820, stack(0x18600000,0x18650000)]
  0x002da000 JavaThread "main" [_thread_blocked, id=7608, stack(0x00310000,0x00360000)]

Other Threads:
  0x02458c00 VMThread [stack: 0x18570000,0x185c0000] [id=7440]

VM state:at safepoint (normal execution)

VM Mutex/Monitor currently owned by a thread:  ([mutex/lock_event])
[0x002d8148] Threads_lock - owner thread: 0x02458c00

Heap
 def new generation   total 11840K, used 260K [0x044d0000, 0x051a0000, 0x09a20000)
  eden space 10560K,   2% used [0x044d0000, 0x04511350, 0x04f20000)
  from space 1280K,   0% used [0x04f20000, 0x04f20000, 0x05060000)
  to   space 1280K,   0% used [0x05060000, 0x05060000, 0x051a0000)
 tenured generation   total 26140K, used 15681K [0x09a20000, 0x0b3a7000, 0x144d0000)
   the space 26140K,  59% used [0x09a20000, 0x0a9707e8, 0x0a970800, 0x0b3a7000)
 compacting perm gen  total 15104K, used 14944K [0x144d0000, 0x15390000, 0x184d0000)
   the space 15104K,  98% used [0x144d0000, 0x153680e8, 0x15368200, 0x15390000)
No shared spaces configured.

Code Cache  [0x024d0000, 0x02860000, 0x044d0000)
 total_blobs=1819 nmethods=1678 adapters=83 free_code_cache=29828416 largest_free_block=192

Dynamic libraries:
0x00400000 - 0x00424000 	C:\Program Files (x86)\Java\jdk1.6.0_29\bin\javaw.exe
0x774e0000 - 0x77660000 	C:\Windows\SysWOW64\ntdll.dll
0x75420000 - 0x75530000 	C:\Windows\syswow64\kernel32.dll
0x77090000 - 0x770d7000 	C:\Windows\syswow64\KERNELBASE.dll
0x76590000 - 0x76630000 	C:\Windows\syswow64\ADVAPI32.dll
0x76f80000 - 0x7702c000 	C:\Windows\syswow64\msvcrt.dll
0x750a0000 - 0x750b9000 	C:\Windows\SysWOW64\sechost.dll
0x75650000 - 0x75740000 	C:\Windows\syswow64\RPCRT4.dll
0x75040000 - 0x750a0000 	C:\Windows\syswow64\SspiCli.dll
0x75030000 - 0x7503c000 	C:\Windows\syswow64\CRYPTBASE.dll
0x76c30000 - 0x76d30000 	C:\Windows\syswow64\USER32.dll
0x751e0000 - 0x75270000 	C:\Windows\syswow64\GDI32.dll
0x76460000 - 0x7646a000 	C:\Windows\syswow64\LPK.dll
0x750c0000 - 0x7515e000 	C:\Windows\syswow64\USP10.dll
0x76630000 - 0x76690000 	C:\Windows\system32\IMM32.DLL
0x75740000 - 0x7580c000 	C:\Windows\syswow64\MSCTF.dll
0x7c340000 - 0x7c396000 	C:\Program Files (x86)\Java\jdk1.6.0_29\jre\bin\msvcr71.dll
0x6d8a0000 - 0x6db4f000 	C:\Program Files (x86)\Java\jdk1.6.0_29\jre\bin\client\jvm.dll
0x728b0000 - 0x728e2000 	C:\Windows\system32\WINMM.dll
0x73700000 - 0x7374b000 	C:\Windows\system32\apphelp.dll
0x6d850000 - 0x6d85c000 	C:\Program Files (x86)\Java\jdk1.6.0_29\jre\bin\verify.dll
0x6d3d0000 - 0x6d3ef000 	C:\Program Files (x86)\Java\jdk1.6.0_29\jre\bin\java.dll
0x6d420000 - 0x6d449000 	C:\Program Files (x86)\Java\jdk1.6.0_29\jre\bin\jdwp.dll
0x6d740000 - 0x6d746000 	C:\Program Files (x86)\Java\jdk1.6.0_29\jre\bin\npt.dll
0x6d890000 - 0x6d89f000 	C:\Program Files (x86)\Java\jdk1.6.0_29\jre\bin\zip.dll
0x6d2b0000 - 0x6d2b7000 	C:\Program Files (x86)\Java\jdk1.6.0_29\jre\bin\dt_socket.dll
0x766f0000 - 0x76725000 	C:\Windows\syswow64\WS2_32.dll
0x76e30000 - 0x76e36000 	C:\Windows\syswow64\NSI.dll
0x71f50000 - 0x71f60000 	C:\Windows\system32\NLAapi.dll
0x71f10000 - 0x71f4c000 	C:\Windows\System32\mswsock.dll
0x71ec0000 - 0x71f04000 	C:\Windows\system32\DNSAPI.dll
0x71eb0000 - 0x71eb8000 	C:\Windows\System32\winrnr.dll
0x71ea0000 - 0x71eb0000 	C:\Windows\system32\napinsp.dll
0x71e80000 - 0x71e92000 	C:\Windows\system32\pnrpnsp.dll
0x738a0000 - 0x738bc000 	C:\Windows\system32\IPHLPAPI.DLL
0x73890000 - 0x73897000 	C:\Windows\system32\WINNSI.DLL
0x71da0000 - 0x71dd8000 	C:\Windows\System32\fwpuclnt.dll
0x71de0000 - 0x71de6000 	C:\Windows\system32\rasadhlp.dll
0x71df0000 - 0x71df5000 	C:\Windows\System32\wshtcpip.dll
0x6d6b0000 - 0x6d6c3000 	C:\Program Files (x86)\Java\jdk1.6.0_29\jre\bin\net.dll
0x71e00000 - 0x71e06000 	C:\Windows\System32\wship6.dll
0x6d6d0000 - 0x6d6d9000 	C:\Program Files (x86)\Java\jdk1.6.0_29\jre\bin\nio.dll
0x73410000 - 0x73426000 	C:\Windows\system32\CRYPTSP.dll
0x733d0000 - 0x7340b000 	C:\Windows\system32\rsaenh.dll
0x72e80000 - 0x72e97000 	C:\Windows\system32\USERENV.dll
0x73350000 - 0x7335b000 	C:\Windows\system32\profapi.dll
0x75410000 - 0x75415000 	C:\Windows\system32\PSAPI.DLL

VM Arguments:
jvm_args: -agentlib:jdwp=transport=dt_socket,suspend=y,address=localhost:48859 -Dmaven.home=EMBEDDED -Dclassworlds.conf=C:\Users\admin\workspace\.metadata\.plugins\org.eclipse.m2e.launching\launches\m2conf3832513515464013765.tmp -Dmaven.bootclasspath=/D:/WORK/eclipse-jee-kepler-SR1-win32/eclipse/configuration/org.eclipse.osgi/bundles/531/1/.cp/jars/plexus-classworlds-2.4.jar -Dfile.encoding=Cp1251 
java_command: org.codehaus.plexus.classworlds.launcher.Launcher -B test
Launcher Type: SUN_STANDARD

Environment Variables:
JAVA_HOME=C:\Program Files\Java\jdk1.7.0_65
PATH=C:\Program Files (x86)\Java\jdk1.6.0_29\jre\bin;C:/Program Files (x86)/Java/jdk1.6.0_29/bin/../jre/bin/client;C:/Program Files (x86)/Java/jdk1.6.0_29/bin/../jre/bin;C:/Program Files (x86)/Java/jdk1.6.0_29/bin/../jre/lib/i386;C:\RailsInstaller\Ruby1.9.3\bin;C:\Users\admin\Documents\AMD APP\bin\x86_64;C:\Users\admin\Documents\AMD APP\bin\x86;C:\PROGRA~2\Borland\CBUILD~1\Bin;C:\PROGRA~2\Borland\CBUILD~1\Projects\Bpl;C:\Program Files (x86)\Java\jdk1.6.0_29\bin;C:\Program Files (x86)\AMD APP\bin\x86_64;C:\Program Files (x86)\AMD APP\bin\x86;C:\Windows\system32;C:\Windows;C:\Windows\System32\Wbem;C:\Windows\System32\WindowsPowerShell\v1.0\;C:\Program Files (x86)\Microsoft SQL Server\100\Tools\Binn\;C:\Program Files\Microsoft SQL Server\100\Tools\Binn\;C:\Program Files\Microsoft SQL Server\100\DTS\Binn\;C:\sc-core-0.2.5\bin;C:\sc-core-0.2.5\CMake 2.8\bin;C:\Program Files\Broadcom\Broadcom 802.11 Network Adapter\Driver;C:\Program Files (x86)\ATI Technologies\ATI.ACE\Core-Static;C:\Program Files (x86)\MySQL\MySQL Server 5.0\bin;C:\Program Files (x86)\doxygen\bin;C:\Python26; C:\Program Files\maven\\bin\;D:\WORK\eclipse-jee-kepler-SR1-win32\eclipse;
USERNAME=admin
OS=Windows_NT
PROCESSOR_IDENTIFIER=AMD64 Family 16 Model 6 Stepping 3, AuthenticAMD



---------------  S Y S T E M  ---------------

OS: Windows 7 , 64 bit Build 7600 

CPU:total 2 (2 cores per cpu, 1 threads per core) family 16 model 6 stepping 3, cmov, cx8, fxsr, mmx, sse, sse2, sse3, popcnt, mmxext, 3dnow, 3dnowext, lzcnt, sse4a

Memory: 4k page, physical 4189080k(1130460k free), swap 8376252k(3439976k free)

vm_info: Java HotSpot(TM) Client VM (20.4-b02) for windows-x86 JRE (1.6.0_29-b11), built on Oct  3 2011 01:01:08 by "java_re" with MS VC++ 7.1 (VS2003)

time: Tue Aug 05 23:12:45 2014
elapsed time: 102 seconds

